This file contains any messages produced by compilers while
running configure, to aid debugging if configure makes a mistake.

It was created by ROBD_Testing configure 1.0, which was
generated by GNU Autoconf 2.68.  Invocation command line was

  $ ./configure --no-create --no-recursion

## --------- ##
## Platform. ##
## --------- ##

hostname = aura
uname -m = x86_64
uname -r = 3.1.9-2-ARCH
uname -s = Linux
uname -v = #1 SMP PREEMPT Sat Jan 14 09:11:37 CET 2012

/usr/bin/uname -p = unknown
/bin/uname -X     = unknown

/bin/arch              = x86_64
/usr/bin/arch -k       = unknown
/usr/convex/getsysinfo = unknown
/usr/bin/hostinfo      = unknown
/bin/machine           = unknown
/usr/bin/oslevel       = unknown
/bin/universe          = unknown

PATH: /usr/local/bin
PATH: /usr/bin
PATH: /bin
PATH: /usr/local/sbin
PATH: /usr/sbin
PATH: /sbin
PATH: /opt/kde/bin
PATH: /usr/bin/core_perl
PATH: /opt/qt/bin


## ----------- ##
## Core tests. ##
## ----------- ##

configure:1826: checking build system type
configure:1840: result: x86_64-unknown-linux-gnu
configure:1860: checking host system type
configure:1873: result: x86_64-unknown-linux-gnu
configure:1893: checking target system type
configure:1906: result: x86_64-unknown-linux-gnu
configure:1949: checking for a BSD-compatible install
configure:2017: result: /bin/install -c
configure:2028: checking whether build environment is sane
configure:2078: result: yes
configure:2219: checking for a thread-safe mkdir -p
configure:2258: result: /bin/mkdir -p
configure:2271: checking for gawk
configure:2287: found /usr/bin/gawk
configure:2298: result: gawk
configure:2309: checking whether make sets $(MAKE)
configure:2331: result: yes
configure:2470: checking for g++
configure:2486: found /usr/bin/g++
configure:2497: result: g++
configure:2524: checking for C++ compiler version
configure:2533: g++ --version >&5
g++ (GCC) 4.6.2 20111223 (prerelease)
Copyright (C) 2011 Free Software Foundation, Inc.
This is free software; see the source for copying conditions.  There is NO
warranty; not even for MERCHANTABILITY or FITNESS FOR A PARTICULAR PURPOSE.

configure:2544: $? = 0
configure:2533: g++ -v >&5
Using built-in specs.
COLLECT_GCC=g++
COLLECT_LTO_WRAPPER=/usr/lib/gcc/x86_64-unknown-linux-gnu/4.6.2/lto-wrapper
Target: x86_64-unknown-linux-gnu
Configured with: /build/src/gcc-4.6-20111223/configure --prefix=/usr --libdir=/usr/lib --libexecdir=/usr/lib --mandir=/usr/share/man --infodir=/usr/share/info --with-bugurl=https://bugs.archlinux.org/ --enable-languages=c,c++,ada,fortran,go,lto,objc,obj-c++ --enable-shared --enable-threads=posix --with-system-zlib --enable-__cxa_atexit --disable-libunwind-exceptions --enable-clocale=gnu --enable-gnu-unique-object --enable-linker-build-id --with-ppl --enable-cloog-backend=isl --enable-lto --enable-gold --enable-ld=default --enable-plugin --with-plugin-ld=ld.gold --disable-multilib --disable-libssp --disable-libstdcxx-pch --enable-checking=release
Thread model: posix
gcc version 4.6.2 20111223 (prerelease) (GCC) 
configure:2544: $? = 0
configure:2533: g++ -V >&5
g++: error: unrecognized option '-V'
g++: fatal error: no input files
compilation terminated.
configure:2544: $? = 1
configure:2533: g++ -qversion >&5
g++: error: unrecognized option '-qversion'
g++: fatal error: no input files
compilation terminated.
configure:2544: $? = 1
configure:2564: checking whether the C++ compiler works
configure:2586: g++    conftest.cpp  >&5
configure:2590: $? = 0
configure:2638: result: yes
configure:2641: checking for C++ compiler default output file name
configure:2643: result: a.out
configure:2649: checking for suffix of executables
configure:2656: g++ -o conftest    conftest.cpp  >&5
configure:2660: $? = 0
configure:2682: result: 
configure:2704: checking whether we are cross compiling
configure:2712: g++ -o conftest    conftest.cpp  >&5
configure:2716: $? = 0
configure:2723: ./conftest
configure:2727: $? = 0
configure:2742: result: no
configure:2747: checking for suffix of object files
configure:2769: g++ -c   conftest.cpp >&5
configure:2773: $? = 0
configure:2794: result: o
configure:2798: checking whether we are using the GNU C++ compiler
configure:2817: g++ -c   conftest.cpp >&5
configure:2817: $? = 0
configure:2826: result: yes
configure:2835: checking whether g++ accepts -g
configure:2855: g++ -c -g  conftest.cpp >&5
configure:2855: $? = 0
configure:2896: result: yes
configure:2930: checking for style of include used by make
configure:2958: result: GNU
configure:2984: checking dependency style of g++
configure:3095: result: gcc3
configure:3165: checking for pkg-config
configure:3183: found /usr/bin/pkg-config
configure:3195: result: /usr/bin/pkg-config
configure:3220: checking pkg-config is at least version 0.9.0
configure:3223: result: yes
configure:3233: checking for QT
configure:3240: $PKG_CONFIG --exists --print-errors "QtCore >= 4.6"
configure:3243: $? = 0
configure:3257: $PKG_CONFIG --exists --print-errors "QtCore >= 4.6"
configure:3260: $? = 0
configure:3318: result: yes
configure:3493: creating ./config.status

## ---------------- ##
## Cache variables. ##
## ---------------- ##

ac_cv_build=x86_64-unknown-linux-gnu
ac_cv_cxx_compiler_gnu=yes
ac_cv_env_CCC_set=
ac_cv_env_CCC_value=
ac_cv_env_CPPFLAGS_set=
ac_cv_env_CPPFLAGS_value=
ac_cv_env_CXXFLAGS_set=
ac_cv_env_CXXFLAGS_value=
ac_cv_env_CXX_set=
ac_cv_env_CXX_value=
ac_cv_env_LDFLAGS_set=
ac_cv_env_LDFLAGS_value=
ac_cv_env_LIBS_set=
ac_cv_env_LIBS_value=
ac_cv_env_PKG_CONFIG_LIBDIR_set=
ac_cv_env_PKG_CONFIG_LIBDIR_value=
ac_cv_env_PKG_CONFIG_PATH_set=set
ac_cv_env_PKG_CONFIG_PATH_value=:/opt/qt/lib/pkgconfig
ac_cv_env_PKG_CONFIG_set=
ac_cv_env_PKG_CONFIG_value=
ac_cv_env_QT_CFLAGS_set=
ac_cv_env_QT_CFLAGS_value=
ac_cv_env_QT_LIBS_set=
ac_cv_env_QT_LIBS_value=
ac_cv_env_build_alias_set=
ac_cv_env_build_alias_value=
ac_cv_env_host_alias_set=
ac_cv_env_host_alias_value=
ac_cv_env_target_alias_set=
ac_cv_env_target_alias_value=
ac_cv_host=x86_64-unknown-linux-gnu
ac_cv_objext=o
ac_cv_path_ac_pt_PKG_CONFIG=/usr/bin/pkg-config
ac_cv_path_install='/bin/install -c'
ac_cv_path_mkdir=/bin/mkdir
ac_cv_prog_AWK=gawk
ac_cv_prog_ac_ct_CXX=g++
ac_cv_prog_cxx_g=yes
ac_cv_prog_make_make_set=yes
ac_cv_target=x86_64-unknown-linux-gnu
am_cv_CXX_dependencies_compiler_type=gcc3
pkg_cv_QT_CFLAGS='-DQT_SHARED -I/usr/include/QtCore  '
pkg_cv_QT_LIBS='-lQtCore  '

## ----------------- ##
## Output variables. ##
## ----------------- ##

ACLOCAL='${SHELL} /home/charles/Programming/CornellCup/Codes/ROBD_Testing/missing --run aclocal-1.11'
AMDEPBACKSLASH='\'
AMDEP_FALSE='#'
AMDEP_TRUE=''
AMTAR='${SHELL} /home/charles/Programming/CornellCup/Codes/ROBD_Testing/missing --run tar'
AUTOCONF='${SHELL} /home/charles/Programming/CornellCup/Codes/ROBD_Testing/missing --run autoconf'
AUTOHEADER='${SHELL} /home/charles/Programming/CornellCup/Codes/ROBD_Testing/missing --run autoheader'
AUTOMAKE='${SHELL} /home/charles/Programming/CornellCup/Codes/ROBD_Testing/missing --run automake-1.11'
AWK='gawk'
CPPFLAGS=''
CXX='g++'
CXXDEPMODE='depmode=gcc3'
CXXFLAGS='-g -O2'
CYGPATH_W='echo'
DEFS='-DPACKAGE_NAME=\"ROBD_Testing\" -DPACKAGE_TARNAME=\"robd_testing\" -DPACKAGE_VERSION=\"1.0\" -DPACKAGE_STRING=\"ROBD_Testing\ 1.0\" -DPACKAGE_BUGREPORT=\"\" -DPACKAGE_URL=\"\" -DPACKAGE=\"robd_testing\" -DVERSION=\"1.0\"'
DEPDIR='.deps'
ECHO_C=''
ECHO_N='-n'
ECHO_T=''
EXEEXT=''
INSTALL_DATA='${INSTALL} -m 644'
INSTALL_PROGRAM='${INSTALL}'
INSTALL_SCRIPT='${INSTALL}'
INSTALL_STRIP_PROGRAM='$(install_sh) -c -s'
LDFLAGS=''
LIBOBJS=''
LIBS=''
LTLIBOBJS=''
MAKEINFO='${SHELL} /home/charles/Programming/CornellCup/Codes/ROBD_Testing/missing --run makeinfo'
MKDIR_P='/bin/mkdir -p'
OBJEXT='o'
PACKAGE='robd_testing'
PACKAGE_BUGREPORT=''
PACKAGE_NAME='ROBD_Testing'
PACKAGE_STRING='ROBD_Testing 1.0'
PACKAGE_TARNAME='robd_testing'
PACKAGE_URL=''
PACKAGE_VERSION='1.0'
PATH_SEPARATOR=':'
PKG_CONFIG='/usr/bin/pkg-config'
PKG_CONFIG_LIBDIR=''
PKG_CONFIG_PATH=':/opt/qt/lib/pkgconfig'
QT_CFLAGS='-DQT_SHARED -I/usr/include/QtCore  '
QT_LIBS='-lQtCore  '
SET_MAKE=''
SHELL='/bin/sh'
STRIP=''
VERSION='1.0'
ac_ct_CXX='g++'
am__EXEEXT_FALSE=''
am__EXEEXT_TRUE='#'
am__fastdepCXX_FALSE='#'
am__fastdepCXX_TRUE=''
am__include='include'
am__isrc=''
am__leading_dot='.'
am__nodep='_no'
am__quote=''
am__tar='${AMTAR} chof - "$$tardir"'
am__untar='${AMTAR} xf -'
bindir='${exec_prefix}/bin'
build='x86_64-unknown-linux-gnu'
build_alias=''
build_cpu='x86_64'
build_os='linux-gnu'
build_vendor='unknown'
datadir='${datarootdir}'
datarootdir='${prefix}/share'
docdir='${datarootdir}/doc/${PACKAGE_TARNAME}'
dvidir='${docdir}'
exec_prefix='${prefix}'
host='x86_64-unknown-linux-gnu'
host_alias=''
host_cpu='x86_64'
host_os='linux-gnu'
host_vendor='unknown'
htmldir='${docdir}'
includedir='${prefix}/include'
infodir='${datarootdir}/info'
install_sh='${SHELL} /home/charles/Programming/CornellCup/Codes/ROBD_Testing/install-sh'
libdir='${exec_prefix}/lib'
libexecdir='${exec_prefix}/libexec'
localedir='${datarootdir}/locale'
localstatedir='${prefix}/var'
mandir='${datarootdir}/man'
mkdir_p='/bin/mkdir -p'
oldincludedir='/usr/include'
pdfdir='${docdir}'
prefix='/usr/local'
program_transform_name='s,x,x,'
psdir='${docdir}'
sbindir='${exec_prefix}/sbin'
sharedstatedir='${prefix}/com'
sysconfdir='${prefix}/etc'
target='x86_64-unknown-linux-gnu'
target_alias=''
target_cpu='x86_64'
target_os='linux-gnu'
target_vendor='unknown'

## ----------- ##
## confdefs.h. ##
## ----------- ##

/* confdefs.h */
#define PACKAGE_NAME "ROBD_Testing"
#define PACKAGE_TARNAME "robd_testing"
#define PACKAGE_VERSION "1.0"
#define PACKAGE_STRING "ROBD_Testing 1.0"
#define PACKAGE_BUGREPORT ""
#define PACKAGE_URL ""
#define PACKAGE "robd_testing"
#define VERSION "1.0"

configure: exit 0

## ---------------------- ##
## Running config.status. ##
## ---------------------- ##

This file was extended by ROBD_Testing config.status 1.0, which was
generated by GNU Autoconf 2.68.  Invocation command line was

  CONFIG_FILES    = 
  CONFIG_HEADERS  = 
  CONFIG_LINKS    = 
  CONFIG_COMMANDS = 
  $ ./config.status 

on aura

config.status:798: creating Makefile
config.status:798: creating src/Makefile
config.status:970: executing depfiles commands
